<?xml version="1.0" encoding="UTF-8"?>
<!-- Generated by org.testng.reporters.JUnitReportReporter -->
<testsuite hostname="STPILP1199" failures="0" tests="1" name="Day1.testNG" time="0.015" errors="0" timestamp="2024-02-16T15:23:21 IST" skipped="0">
  <testcase classname="Day1.testNG" name="test" time="0.015"/>
</testsuite> <!-- Day1.testNG -->
